2019-12-03 15:01:17.014 [info] <0.42.0> Application lager started on node nonode@nohost
2019-12-03 15:01:17.028 [info] <0.42.0> Application xmerl started on node nonode@nohost
2019-12-03 15:01:17.035 [info] <0.42.0> Application jsx started on node nonode@nohost
2019-12-03 15:01:17.045 [info] <0.42.0> Application ranch started on node nonode@nohost
2019-12-03 15:01:17.048 [info] <0.42.0> Application recon started on node nonode@nohost
2019-12-03 15:01:17.048 [info] <0.42.0> Application rabbit_common started on node nonode@nohost
2019-12-03 15:01:17.074 [info] <0.42.0> Application amqp_client started on node nonode@nohost
2019-12-03 15:01:17.074 [info] <0.42.0> Application amqp started on node nonode@nohost
2019-12-03 15:01:17.207 [error] <0.595.0>@Elixir.GenAMQP.Conn:init:51 CRASH REPORT Process <0.595.0> with 0 neighbours crashed with reason: no match of right hand value {error,econnrefused} in 'Elixir.GenAMQP.Conn':init/1 line 51
2019-12-03 15:01:17.207 [error] <0.594.0>@Elixir.GenAMQP.Conn:init:51 Supervisor 'Elixir.StaticConnSup' had child 'Elixir.ConnHub' started with 'Elixir.GenAMQP.Conn':start_link(<<"amqp://guest:guest@localhost">>, 'Elixir.ConnHub') at undefined exit with reason no match of right hand value {error,econnrefused} in 'Elixir.GenAMQP.Conn':init/1 line 51 in context start_error
2019-12-03 15:06:38.800 [info] <0.42.0> Application lager started on node nonode@nohost
2019-12-03 15:06:38.805 [info] <0.42.0> Application xmerl started on node nonode@nohost
2019-12-03 15:06:38.806 [info] <0.42.0> Application jsx started on node nonode@nohost
2019-12-03 15:06:38.809 [info] <0.42.0> Application ranch started on node nonode@nohost
2019-12-03 15:06:38.810 [info] <0.42.0> Application recon started on node nonode@nohost
2019-12-03 15:06:38.810 [info] <0.42.0> Application rabbit_common started on node nonode@nohost
2019-12-03 15:06:38.816 [info] <0.42.0> Application amqp_client started on node nonode@nohost
2019-12-03 15:06:38.816 [info] <0.42.0> Application amqp started on node nonode@nohost
2019-12-03 15:06:38.983 [info] <0.42.0> Application gen_amqp started on node nonode@nohost
2019-12-03 15:06:38.983 [info] <0.42.0> Application micro_utils started on node nonode@nohost
2019-12-03 15:06:38.997 [info] <0.42.0> Application ex_unit started on node nonode@nohost
2019-12-03 15:08:40.429 [info] <0.42.0> Application lager started on node nonode@nohost
2019-12-03 15:08:40.434 [info] <0.42.0> Application xmerl started on node nonode@nohost
2019-12-03 15:08:40.435 [info] <0.42.0> Application jsx started on node nonode@nohost
2019-12-03 15:08:40.439 [info] <0.42.0> Application ranch started on node nonode@nohost
2019-12-03 15:08:40.439 [info] <0.42.0> Application recon started on node nonode@nohost
2019-12-03 15:08:40.440 [info] <0.42.0> Application rabbit_common started on node nonode@nohost
2019-12-03 15:08:40.445 [info] <0.42.0> Application amqp_client started on node nonode@nohost
2019-12-03 15:08:40.445 [info] <0.42.0> Application amqp started on node nonode@nohost
2019-12-03 15:08:40.613 [info] <0.42.0> Application gen_amqp started on node nonode@nohost
2019-12-03 15:08:40.614 [info] <0.42.0> Application micro_utils started on node nonode@nohost
2019-12-03 15:08:40.626 [info] <0.42.0> Application ex_unit started on node nonode@nohost
2019-12-03 15:09:50.233 [info] <0.42.0> Application lager started on node nonode@nohost
2019-12-03 15:09:50.237 [info] <0.42.0> Application xmerl started on node nonode@nohost
2019-12-03 15:09:50.238 [info] <0.42.0> Application jsx started on node nonode@nohost
2019-12-03 15:09:50.241 [info] <0.42.0> Application ranch started on node nonode@nohost
2019-12-03 15:09:50.242 [info] <0.42.0> Application recon started on node nonode@nohost
2019-12-03 15:09:50.242 [info] <0.42.0> Application rabbit_common started on node nonode@nohost
2019-12-03 15:09:50.249 [info] <0.42.0> Application amqp_client started on node nonode@nohost
2019-12-03 15:09:50.249 [info] <0.42.0> Application amqp started on node nonode@nohost
2019-12-03 15:09:50.483 [info] <0.42.0> Application gen_amqp started on node nonode@nohost
2019-12-03 15:09:50.484 [error] <0.335.0> CRASH REPORT Process <0.335.0> with 0 neighbours exited with reason: {{already_started,<0.316.0>},{'Elixir.TestApp',start,[normal,[]]}} in application_master:init/4 line 138
2019-12-03 15:10:23.344 [info] <0.42.0> Application lager started on node nonode@nohost
2019-12-03 15:10:23.347 [info] <0.42.0> Application xmerl started on node nonode@nohost
2019-12-03 15:10:23.349 [info] <0.42.0> Application jsx started on node nonode@nohost
2019-12-03 15:10:23.352 [info] <0.42.0> Application ranch started on node nonode@nohost
2019-12-03 15:10:23.352 [info] <0.42.0> Application recon started on node nonode@nohost
2019-12-03 15:10:23.352 [info] <0.42.0> Application rabbit_common started on node nonode@nohost
2019-12-03 15:10:23.360 [info] <0.42.0> Application amqp_client started on node nonode@nohost
2019-12-03 15:10:23.360 [info] <0.42.0> Application amqp started on node nonode@nohost
2019-12-03 15:10:23.453 [info] <0.42.0> Application gen_amqp started on node nonode@nohost
2019-12-03 15:10:23.454 [error] <0.269.0> CRASH REPORT Process <0.269.0> with 0 neighbours exited with reason: {{already_started,<0.250.0>},{'Elixir.TestApp',start,[normal,[]]}} in application_master:init/4 line 138
2019-12-03 15:10:52.317 [info] <0.42.0> Application lager started on node nonode@nohost
2019-12-03 15:10:52.321 [info] <0.42.0> Application xmerl started on node nonode@nohost
2019-12-03 15:10:52.322 [info] <0.42.0> Application jsx started on node nonode@nohost
2019-12-03 15:10:52.326 [info] <0.42.0> Application ranch started on node nonode@nohost
2019-12-03 15:10:52.327 [info] <0.42.0> Application recon started on node nonode@nohost
2019-12-03 15:10:52.327 [info] <0.42.0> Application rabbit_common started on node nonode@nohost
2019-12-03 15:10:52.337 [info] <0.42.0> Application amqp_client started on node nonode@nohost
2019-12-03 15:10:52.337 [info] <0.42.0> Application amqp started on node nonode@nohost
2019-12-03 15:10:52.439 [info] <0.42.0> Application gen_amqp started on node nonode@nohost
2019-12-03 15:10:52.440 [error] <0.278.0> CRASH REPORT Process <0.278.0> with 0 neighbours exited with reason: {{already_started,<0.259.0>},{'Elixir.TestApp',start,[normal,[]]}} in application_master:init/4 line 138
2019-12-03 15:13:43.379 [info] <0.42.0> Application lager started on node nonode@nohost
2019-12-03 15:13:43.383 [info] <0.42.0> Application xmerl started on node nonode@nohost
2019-12-03 15:13:43.385 [info] <0.42.0> Application jsx started on node nonode@nohost
2019-12-03 15:13:43.387 [info] <0.42.0> Application ranch started on node nonode@nohost
2019-12-03 15:13:43.388 [info] <0.42.0> Application recon started on node nonode@nohost
2019-12-03 15:13:43.388 [info] <0.42.0> Application rabbit_common started on node nonode@nohost
2019-12-03 15:13:43.394 [info] <0.42.0> Application amqp_client started on node nonode@nohost
2019-12-03 15:13:43.394 [info] <0.42.0> Application amqp started on node nonode@nohost
2019-12-03 15:13:43.533 [info] <0.42.0> Application gen_amqp started on node nonode@nohost
2019-12-03 15:13:43.534 [error] <0.278.0> CRASH REPORT Process <0.278.0> with 0 neighbours exited with reason: {{already_started,<0.259.0>},{'Elixir.TestApp',start,[normal,[]]}} in application_master:init/4 line 138
2019-12-03 15:15:29.092 [info] <0.42.0> Application lager started on node nonode@nohost
2019-12-03 15:15:29.101 [info] <0.42.0> Application xmerl started on node nonode@nohost
2019-12-03 15:15:29.102 [info] <0.42.0> Application jsx started on node nonode@nohost
2019-12-03 15:15:29.106 [info] <0.42.0> Application ranch started on node nonode@nohost
2019-12-03 15:15:29.107 [info] <0.42.0> Application recon started on node nonode@nohost
2019-12-03 15:15:29.107 [info] <0.42.0> Application rabbit_common started on node nonode@nohost
2019-12-03 15:15:29.119 [info] <0.42.0> Application amqp_client started on node nonode@nohost
2019-12-03 15:15:29.119 [info] <0.42.0> Application amqp started on node nonode@nohost
2019-12-03 15:15:29.306 [info] <0.42.0> Application gen_amqp started on node nonode@nohost
2019-12-03 15:15:29.307 [error] <0.290.0> CRASH REPORT Process <0.290.0> with 0 neighbours exited with reason: {{already_started,<0.271.0>},{'Elixir.TestApp',start,[normal,[]]}} in application_master:init/4 line 138
2019-12-03 16:08:14.677 [info] <0.42.0> Application lager started on node nonode@nohost
2019-12-03 16:08:14.682 [info] <0.42.0> Application xmerl started on node nonode@nohost
2019-12-03 16:08:14.684 [info] <0.42.0> Application jsx started on node nonode@nohost
2019-12-03 16:08:14.688 [info] <0.42.0> Application ranch started on node nonode@nohost
2019-12-03 16:08:14.688 [info] <0.42.0> Application recon started on node nonode@nohost
2019-12-03 16:08:14.688 [info] <0.42.0> Application rabbit_common started on node nonode@nohost
2019-12-03 16:08:14.694 [info] <0.42.0> Application amqp_client started on node nonode@nohost
2019-12-03 16:08:14.694 [info] <0.42.0> Application amqp started on node nonode@nohost
2019-12-03 16:08:14.774 [info] <0.42.0> Application gen_amqp started on node nonode@nohost
2019-12-03 16:08:14.775 [error] <0.395.0> CRASH REPORT Process <0.395.0> with 0 neighbours exited with reason: {{already_started,<0.376.0>},{'Elixir.TestApp',start,[normal,[]]}} in application_master:init/4 line 138
2019-12-03 16:08:40.075 [info] <0.42.0> Application lager started on node nonode@nohost
2019-12-03 16:08:40.077 [info] <0.42.0> Application xmerl started on node nonode@nohost
2019-12-03 16:08:40.080 [info] <0.42.0> Application jsx started on node nonode@nohost
2019-12-03 16:08:40.084 [info] <0.42.0> Application ranch started on node nonode@nohost
2019-12-03 16:08:40.085 [info] <0.42.0> Application recon started on node nonode@nohost
2019-12-03 16:08:40.085 [info] <0.42.0> Application rabbit_common started on node nonode@nohost
2019-12-03 16:08:40.093 [info] <0.42.0> Application amqp_client started on node nonode@nohost
2019-12-03 16:08:40.093 [info] <0.42.0> Application amqp started on node nonode@nohost
2019-12-03 16:08:40.382 [info] <0.42.0> Application gen_amqp started on node nonode@nohost
2019-12-03 16:08:40.382 [error] <0.650.0> CRASH REPORT Process <0.650.0> with 0 neighbours exited with reason: {{already_started,<0.631.0>},{'Elixir.TestApp',start,[normal,[]]}} in application_master:init/4 line 138
2019-12-03 16:11:29.644 [info] <0.42.0> Application lager started on node nonode@nohost
2019-12-03 16:11:29.648 [info] <0.42.0> Application xmerl started on node nonode@nohost
2019-12-03 16:11:29.649 [info] <0.42.0> Application jsx started on node nonode@nohost
2019-12-03 16:11:29.656 [info] <0.42.0> Application ranch started on node nonode@nohost
2019-12-03 16:11:29.657 [info] <0.42.0> Application recon started on node nonode@nohost
2019-12-03 16:11:29.657 [info] <0.42.0> Application rabbit_common started on node nonode@nohost
2019-12-03 16:11:29.668 [info] <0.42.0> Application amqp_client started on node nonode@nohost
2019-12-03 16:11:29.668 [info] <0.42.0> Application amqp started on node nonode@nohost
2019-12-03 16:11:29.877 [info] <0.42.0> Application gen_amqp started on node nonode@nohost
2019-12-03 16:11:29.878 [error] <0.650.0> CRASH REPORT Process <0.650.0> with 0 neighbours exited with reason: {{already_started,<0.631.0>},{'Elixir.TestApp',start,[normal,[]]}} in application_master:init/4 line 138
2019-12-03 16:17:07.966 [info] <0.42.0> Application lager started on node nonode@nohost
2019-12-03 16:17:07.970 [info] <0.42.0> Application xmerl started on node nonode@nohost
2019-12-03 16:17:07.971 [info] <0.42.0> Application jsx started on node nonode@nohost
2019-12-03 16:17:07.974 [info] <0.42.0> Application ranch started on node nonode@nohost
2019-12-03 16:17:07.975 [info] <0.42.0> Application recon started on node nonode@nohost
2019-12-03 16:17:07.975 [info] <0.42.0> Application rabbit_common started on node nonode@nohost
2019-12-03 16:17:07.987 [info] <0.42.0> Application amqp_client started on node nonode@nohost
2019-12-03 16:17:07.987 [info] <0.42.0> Application amqp started on node nonode@nohost
2019-12-03 16:17:08.088 [info] <0.42.0> Application gen_amqp started on node nonode@nohost
2019-12-03 16:17:08.088 [error] <0.288.0> Supervisor 'Elixir.AppSupervisor' had child 'Elixir.StaticConnSup' started with 'Elixir.GenAMQP.ConnSupervisor':start_link('Elixir.StaticConnSup', [{'Elixir.ConnHub',<<"amqp://guest:guest@localhost">>}]) at undefined exit with reason {already_started,<0.268.0>} in context start_error
2019-12-03 16:17:08.089 [error] <0.286.0> CRASH REPORT Process <0.286.0> with 0 neighbours exited with reason: {{shutdown,{failed_to_start_child,'Elixir.StaticConnSup',{already_started,<0.268.0>}}},{'Elixir.TestApp',start,[normal,[]]}} in application_master:init/4 line 138
2019-12-03 16:20:47.505 [info] <0.42.0> Application lager started on node nonode@nohost
2019-12-03 16:20:47.509 [info] <0.42.0> Application xmerl started on node nonode@nohost
2019-12-03 16:20:47.511 [info] <0.42.0> Application jsx started on node nonode@nohost
2019-12-03 16:20:47.516 [info] <0.42.0> Application ranch started on node nonode@nohost
2019-12-03 16:20:47.517 [info] <0.42.0> Application recon started on node nonode@nohost
2019-12-03 16:20:47.517 [info] <0.42.0> Application rabbit_common started on node nonode@nohost
2019-12-03 16:20:47.525 [info] <0.42.0> Application amqp_client started on node nonode@nohost
2019-12-03 16:20:47.525 [info] <0.42.0> Application amqp started on node nonode@nohost
2019-12-03 16:20:47.618 [info] <0.42.0> Application gen_amqp started on node nonode@nohost
2019-12-03 16:20:47.620 [error] <0.286.0> CRASH REPORT Process <0.286.0> with 0 neighbours exited with reason: #{'__exception__' => true,'__struct__' => 'Elixir.ArgumentError',message => <<"expected :strategy option to be given">>} in 'Elixir.Supervisor':init/2 line 609 in application_master:init/4 line 138
2019-12-03 16:21:49.731 [info] <0.42.0> Application lager started on node nonode@nohost
2019-12-03 16:21:49.735 [info] <0.42.0> Application xmerl started on node nonode@nohost
2019-12-03 16:21:49.736 [info] <0.42.0> Application jsx started on node nonode@nohost
2019-12-03 16:21:49.740 [info] <0.42.0> Application ranch started on node nonode@nohost
2019-12-03 16:21:49.741 [info] <0.42.0> Application recon started on node nonode@nohost
2019-12-03 16:21:49.741 [info] <0.42.0> Application rabbit_common started on node nonode@nohost
2019-12-03 16:21:49.750 [info] <0.42.0> Application amqp_client started on node nonode@nohost
2019-12-03 16:21:49.750 [info] <0.42.0> Application amqp started on node nonode@nohost
2019-12-03 16:21:49.947 [info] <0.42.0> Application gen_amqp started on node nonode@nohost
2019-12-03 16:21:49.966 [info] <0.42.0> Application micro_utils started on node nonode@nohost
2019-12-03 16:21:49.978 [info] <0.42.0> Application ex_unit started on node nonode@nohost
2019-12-03 16:23:08.304 [info] <0.42.0> Application lager started on node nonode@nohost
2019-12-03 16:23:08.308 [info] <0.42.0> Application xmerl started on node nonode@nohost
2019-12-03 16:23:08.310 [info] <0.42.0> Application jsx started on node nonode@nohost
2019-12-03 16:23:08.314 [info] <0.42.0> Application ranch started on node nonode@nohost
2019-12-03 16:23:08.315 [info] <0.42.0> Application recon started on node nonode@nohost
2019-12-03 16:23:08.315 [info] <0.42.0> Application rabbit_common started on node nonode@nohost
2019-12-03 16:23:08.324 [info] <0.42.0> Application amqp_client started on node nonode@nohost
2019-12-03 16:23:08.324 [info] <0.42.0> Application amqp started on node nonode@nohost
2019-12-03 16:23:08.528 [info] <0.42.0> Application gen_amqp started on node nonode@nohost
2019-12-03 16:23:08.543 [info] <0.42.0> Application micro_utils started on node nonode@nohost
2019-12-03 16:23:08.559 [info] <0.42.0> Application ex_unit started on node nonode@nohost
2019-12-03 16:26:27.552 [info] <0.42.0> Application lager started on node nonode@nohost
2019-12-03 16:26:27.559 [info] <0.42.0> Application xmerl started on node nonode@nohost
2019-12-03 16:26:27.560 [info] <0.42.0> Application jsx started on node nonode@nohost
2019-12-03 16:26:27.564 [info] <0.42.0> Application ranch started on node nonode@nohost
2019-12-03 16:26:27.565 [info] <0.42.0> Application recon started on node nonode@nohost
2019-12-03 16:26:27.565 [info] <0.42.0> Application rabbit_common started on node nonode@nohost
2019-12-03 16:26:27.576 [info] <0.42.0> Application amqp_client started on node nonode@nohost
2019-12-03 16:26:27.576 [info] <0.42.0> Application amqp started on node nonode@nohost
2019-12-03 16:26:27.671 [info] <0.42.0> Application gen_amqp started on node nonode@nohost
2019-12-03 16:26:27.678 [info] <0.42.0> Application micro_utils started on node nonode@nohost
2019-12-03 16:26:27.694 [info] <0.42.0> Application ex_unit started on node nonode@nohost
2019-12-03 16:28:19.921 [info] <0.42.0> Application lager started on node nonode@nohost
2019-12-03 16:28:19.927 [info] <0.42.0> Application xmerl started on node nonode@nohost
2019-12-03 16:28:19.929 [info] <0.42.0> Application jsx started on node nonode@nohost
2019-12-03 16:28:19.936 [info] <0.42.0> Application ranch started on node nonode@nohost
2019-12-03 16:28:19.937 [info] <0.42.0> Application recon started on node nonode@nohost
2019-12-03 16:28:19.937 [info] <0.42.0> Application rabbit_common started on node nonode@nohost
2019-12-03 16:28:19.946 [info] <0.42.0> Application amqp_client started on node nonode@nohost
2019-12-03 16:28:19.946 [info] <0.42.0> Application amqp started on node nonode@nohost
2019-12-03 16:28:20.107 [info] <0.42.0> Application gen_amqp started on node nonode@nohost
2019-12-03 16:28:20.120 [info] <0.42.0> Application micro_utils started on node nonode@nohost
2019-12-03 16:28:20.131 [info] <0.42.0> Application ex_unit started on node nonode@nohost
2019-12-03 16:28:53.369 [info] <0.42.0> Application lager started on node nonode@nohost
2019-12-03 16:28:53.385 [info] <0.42.0> Application xmerl started on node nonode@nohost
2019-12-03 16:28:53.387 [info] <0.42.0> Application jsx started on node nonode@nohost
2019-12-03 16:28:53.401 [info] <0.42.0> Application ranch started on node nonode@nohost
2019-12-03 16:28:53.402 [info] <0.42.0> Application recon started on node nonode@nohost
2019-12-03 16:28:53.402 [info] <0.42.0> Application rabbit_common started on node nonode@nohost
2019-12-03 16:28:53.428 [info] <0.42.0> Application amqp_client started on node nonode@nohost
2019-12-03 16:28:53.429 [info] <0.42.0> Application amqp started on node nonode@nohost
2019-12-03 16:28:53.740 [info] <0.42.0> Application gen_amqp started on node nonode@nohost
2019-12-03 16:28:53.770 [info] <0.42.0> Application micro_utils started on node nonode@nohost
2019-12-03 16:28:53.802 [info] <0.42.0> Application ex_unit started on node nonode@nohost
2019-12-03 16:30:45.061 [info] <0.42.0> Application lager started on node nonode@nohost
2019-12-03 16:30:45.066 [info] <0.42.0> Application xmerl started on node nonode@nohost
2019-12-03 16:30:45.068 [info] <0.42.0> Application jsx started on node nonode@nohost
2019-12-03 16:30:45.076 [info] <0.42.0> Application ranch started on node nonode@nohost
2019-12-03 16:30:45.077 [info] <0.42.0> Application recon started on node nonode@nohost
2019-12-03 16:30:45.077 [info] <0.42.0> Application rabbit_common started on node nonode@nohost
2019-12-03 16:30:45.090 [info] <0.42.0> Application amqp_client started on node nonode@nohost
2019-12-03 16:30:45.091 [info] <0.42.0> Application amqp started on node nonode@nohost
2019-12-03 16:30:45.196 [info] <0.42.0> Application gen_amqp started on node nonode@nohost
2019-12-03 16:30:45.214 [info] <0.42.0> Application micro_utils started on node nonode@nohost
2019-12-03 16:30:45.227 [info] <0.42.0> Application ex_unit started on node nonode@nohost
2019-12-03 16:32:17.225 [info] <0.42.0> Application lager started on node nonode@nohost
2019-12-03 16:32:17.226 [info] <0.42.0> Application xmerl started on node nonode@nohost
2019-12-03 16:32:17.229 [info] <0.42.0> Application jsx started on node nonode@nohost
2019-12-03 16:32:17.232 [info] <0.42.0> Application ranch started on node nonode@nohost
2019-12-03 16:32:17.233 [info] <0.42.0> Application recon started on node nonode@nohost
2019-12-03 16:32:17.233 [info] <0.42.0> Application rabbit_common started on node nonode@nohost
2019-12-03 16:32:17.243 [info] <0.42.0> Application amqp_client started on node nonode@nohost
2019-12-03 16:32:17.243 [info] <0.42.0> Application amqp started on node nonode@nohost
2019-12-03 16:32:17.360 [info] <0.42.0> Application gen_amqp started on node nonode@nohost
2019-12-03 16:32:17.379 [info] <0.42.0> Application micro_utils started on node nonode@nohost
2019-12-03 16:32:17.394 [info] <0.42.0> Application ex_unit started on node nonode@nohost
2019-12-03 16:32:45.234 [info] <0.42.0> Application lager started on node nonode@nohost
2019-12-03 16:32:45.239 [info] <0.42.0> Application xmerl started on node nonode@nohost
2019-12-03 16:32:45.240 [info] <0.42.0> Application jsx started on node nonode@nohost
2019-12-03 16:32:45.246 [info] <0.42.0> Application ranch started on node nonode@nohost
2019-12-03 16:32:45.247 [info] <0.42.0> Application recon started on node nonode@nohost
2019-12-03 16:32:45.247 [info] <0.42.0> Application rabbit_common started on node nonode@nohost
2019-12-03 16:32:45.256 [info] <0.42.0> Application amqp_client started on node nonode@nohost
2019-12-03 16:32:45.256 [info] <0.42.0> Application amqp started on node nonode@nohost
2019-12-03 16:32:45.369 [info] <0.42.0> Application gen_amqp started on node nonode@nohost
2019-12-03 16:32:45.386 [info] <0.42.0> Application micro_utils started on node nonode@nohost
2019-12-03 16:32:45.400 [info] <0.42.0> Application ex_unit started on node nonode@nohost
2019-12-03 16:33:15.825 [info] <0.42.0> Application lager started on node nonode@nohost
2019-12-03 16:33:15.829 [info] <0.42.0> Application xmerl started on node nonode@nohost
2019-12-03 16:33:15.831 [info] <0.42.0> Application jsx started on node nonode@nohost
2019-12-03 16:33:15.834 [info] <0.42.0> Application ranch started on node nonode@nohost
2019-12-03 16:33:15.835 [info] <0.42.0> Application recon started on node nonode@nohost
2019-12-03 16:33:15.835 [info] <0.42.0> Application rabbit_common started on node nonode@nohost
2019-12-03 16:33:15.841 [info] <0.42.0> Application amqp_client started on node nonode@nohost
2019-12-03 16:33:15.841 [info] <0.42.0> Application amqp started on node nonode@nohost
2019-12-03 16:33:16.013 [info] <0.42.0> Application gen_amqp started on node nonode@nohost
2019-12-03 16:33:16.036 [info] <0.42.0> Application micro_utils started on node nonode@nohost
2019-12-03 16:33:16.053 [info] <0.42.0> Application ex_unit started on node nonode@nohost
2019-12-03 16:33:28.230 [info] <0.42.0> Application lager started on node nonode@nohost
2019-12-03 16:33:28.233 [info] <0.42.0> Application xmerl started on node nonode@nohost
2019-12-03 16:33:28.235 [info] <0.42.0> Application jsx started on node nonode@nohost
2019-12-03 16:33:28.238 [info] <0.42.0> Application ranch started on node nonode@nohost
2019-12-03 16:33:28.239 [info] <0.42.0> Application recon started on node nonode@nohost
2019-12-03 16:33:28.239 [info] <0.42.0> Application rabbit_common started on node nonode@nohost
2019-12-03 16:33:28.246 [info] <0.42.0> Application amqp_client started on node nonode@nohost
2019-12-03 16:33:28.246 [info] <0.42.0> Application amqp started on node nonode@nohost
2019-12-03 16:33:28.359 [info] <0.42.0> Application gen_amqp started on node nonode@nohost
2019-12-03 16:33:28.380 [info] <0.42.0> Application micro_utils started on node nonode@nohost
2019-12-03 16:33:28.390 [info] <0.42.0> Application ex_unit started on node nonode@nohost
2019-12-03 16:34:36.291 [info] <0.42.0> Application lager started on node nonode@nohost
2019-12-03 16:34:36.296 [info] <0.42.0> Application xmerl started on node nonode@nohost
2019-12-03 16:34:36.298 [info] <0.42.0> Application jsx started on node nonode@nohost
2019-12-03 16:34:36.301 [info] <0.42.0> Application ranch started on node nonode@nohost
2019-12-03 16:34:36.302 [info] <0.42.0> Application recon started on node nonode@nohost
2019-12-03 16:34:36.302 [info] <0.42.0> Application rabbit_common started on node nonode@nohost
2019-12-03 16:34:36.311 [info] <0.42.0> Application amqp_client started on node nonode@nohost
2019-12-03 16:34:36.311 [info] <0.42.0> Application amqp started on node nonode@nohost
2019-12-03 16:34:36.491 [info] <0.42.0> Application gen_amqp started on node nonode@nohost
2019-12-03 16:34:36.505 [info] <0.42.0> Application micro_utils started on node nonode@nohost
2019-12-03 16:34:36.528 [info] <0.42.0> Application ex_unit started on node nonode@nohost
2019-12-03 16:35:07.941 [info] <0.42.0> Application lager started on node nonode@nohost
2019-12-03 16:35:07.946 [info] <0.42.0> Application xmerl started on node nonode@nohost
2019-12-03 16:35:07.948 [info] <0.42.0> Application jsx started on node nonode@nohost
2019-12-03 16:35:07.951 [info] <0.42.0> Application ranch started on node nonode@nohost
2019-12-03 16:35:07.952 [info] <0.42.0> Application recon started on node nonode@nohost
2019-12-03 16:35:07.952 [info] <0.42.0> Application rabbit_common started on node nonode@nohost
2019-12-03 16:35:07.968 [info] <0.42.0> Application amqp_client started on node nonode@nohost
2019-12-03 16:35:07.968 [info] <0.42.0> Application amqp started on node nonode@nohost
2019-12-03 16:35:08.079 [info] <0.42.0> Application gen_amqp started on node nonode@nohost
2019-12-03 16:35:08.100 [info] <0.42.0> Application micro_utils started on node nonode@nohost
2019-12-03 16:35:08.122 [info] <0.42.0> Application ex_unit started on node nonode@nohost
2019-12-03 16:35:23.144 [info] <0.42.0> Application lager started on node nonode@nohost
2019-12-03 16:35:23.149 [info] <0.42.0> Application xmerl started on node nonode@nohost
2019-12-03 16:35:23.151 [info] <0.42.0> Application jsx started on node nonode@nohost
2019-12-03 16:35:23.157 [info] <0.42.0> Application ranch started on node nonode@nohost
2019-12-03 16:35:23.158 [info] <0.42.0> Application recon started on node nonode@nohost
2019-12-03 16:35:23.158 [info] <0.42.0> Application rabbit_common started on node nonode@nohost
2019-12-03 16:35:23.165 [info] <0.42.0> Application amqp_client started on node nonode@nohost
2019-12-03 16:35:23.165 [info] <0.42.0> Application amqp started on node nonode@nohost
2019-12-03 16:35:23.283 [info] <0.42.0> Application gen_amqp started on node nonode@nohost
2019-12-03 16:35:23.301 [info] <0.42.0> Application micro_utils started on node nonode@nohost
2019-12-03 16:35:23.310 [info] <0.42.0> Application ex_unit started on node nonode@nohost
2019-12-03 16:38:45.157 [info] <0.42.0> Application lager started on node nonode@nohost
2019-12-03 16:38:45.163 [info] <0.42.0> Application xmerl started on node nonode@nohost
2019-12-03 16:38:45.164 [info] <0.42.0> Application jsx started on node nonode@nohost
2019-12-03 16:38:45.168 [info] <0.42.0> Application ranch started on node nonode@nohost
2019-12-03 16:38:45.169 [info] <0.42.0> Application recon started on node nonode@nohost
2019-12-03 16:38:45.169 [info] <0.42.0> Application rabbit_common started on node nonode@nohost
2019-12-03 16:38:45.177 [info] <0.42.0> Application amqp_client started on node nonode@nohost
2019-12-03 16:38:45.177 [info] <0.42.0> Application amqp started on node nonode@nohost
2019-12-03 16:38:45.335 [info] <0.42.0> Application gen_amqp started on node nonode@nohost
2019-12-03 16:38:45.358 [info] <0.42.0> Application micro_utils started on node nonode@nohost
2019-12-03 16:38:45.374 [info] <0.42.0> Application ex_unit started on node nonode@nohost
2019-12-03 16:39:45.501 [error] <0.329.0> gen_server 'Elixir.TestServers.NothingServer_meck' terminated with reason: killed
2019-12-03 16:39:45.507 [error] <0.329.0> CRASH REPORT Process 'Elixir.TestServers.NothingServer_meck' with 0 neighbours exited with reason: killed in gen_server:decode_msg/9 line 432
2019-12-05 08:30:09.856 [info] <0.42.0> Application lager started on node nonode@nohost
2019-12-05 08:30:09.860 [info] <0.42.0> Application xmerl started on node nonode@nohost
2019-12-05 08:30:09.862 [info] <0.42.0> Application jsx started on node nonode@nohost
2019-12-05 08:30:09.865 [info] <0.42.0> Application ranch started on node nonode@nohost
2019-12-05 08:30:09.866 [info] <0.42.0> Application recon started on node nonode@nohost
2019-12-05 08:30:09.866 [info] <0.42.0> Application rabbit_common started on node nonode@nohost
2019-12-05 08:30:09.873 [info] <0.42.0> Application amqp_client started on node nonode@nohost
2019-12-05 08:30:09.873 [info] <0.42.0> Application amqp started on node nonode@nohost
2019-12-05 08:30:10.138 [info] <0.42.0> Application gen_amqp started on node nonode@nohost
2019-12-05 08:30:10.159 [info] <0.42.0> Application micro_utils started on node nonode@nohost
2019-12-05 08:30:10.172 [info] <0.42.0> Application ex_unit started on node nonode@nohost
2019-12-05 08:35:29.232 [info] <0.42.0> Application lager started on node nonode@nohost
2019-12-05 08:35:29.239 [info] <0.42.0> Application xmerl started on node nonode@nohost
2019-12-05 08:35:29.240 [info] <0.42.0> Application jsx started on node nonode@nohost
2019-12-05 08:35:29.243 [info] <0.42.0> Application ranch started on node nonode@nohost
2019-12-05 08:35:29.244 [info] <0.42.0> Application recon started on node nonode@nohost
2019-12-05 08:35:29.244 [info] <0.42.0> Application rabbit_common started on node nonode@nohost
2019-12-05 08:35:29.251 [info] <0.42.0> Application amqp_client started on node nonode@nohost
2019-12-05 08:35:29.251 [info] <0.42.0> Application amqp started on node nonode@nohost
2019-12-05 08:35:29.412 [info] <0.42.0> Application gen_amqp started on node nonode@nohost
2019-12-05 08:35:29.426 [info] <0.42.0> Application micro_utils started on node nonode@nohost
2019-12-05 08:35:29.437 [info] <0.42.0> Application ex_unit started on node nonode@nohost
2019-12-05 08:35:53.478 [info] <0.42.0> Application lager started on node nonode@nohost
2019-12-05 08:35:53.483 [info] <0.42.0> Application xmerl started on node nonode@nohost
2019-12-05 08:35:53.485 [info] <0.42.0> Application jsx started on node nonode@nohost
2019-12-05 08:35:53.489 [info] <0.42.0> Application ranch started on node nonode@nohost
2019-12-05 08:35:53.490 [info] <0.42.0> Application recon started on node nonode@nohost
2019-12-05 08:35:53.490 [info] <0.42.0> Application rabbit_common started on node nonode@nohost
2019-12-05 08:35:53.502 [info] <0.42.0> Application amqp_client started on node nonode@nohost
2019-12-05 08:35:53.502 [info] <0.42.0> Application amqp started on node nonode@nohost
2019-12-05 08:35:53.715 [info] <0.42.0> Application gen_amqp started on node nonode@nohost
2019-12-05 08:35:53.730 [info] <0.42.0> Application micro_utils started on node nonode@nohost
2019-12-05 08:35:53.740 [info] <0.42.0> Application ex_unit started on node nonode@nohost
2019-12-05 08:36:14.358 [info] <0.42.0> Application lager started on node nonode@nohost
2019-12-05 08:36:14.361 [info] <0.42.0> Application xmerl started on node nonode@nohost
2019-12-05 08:36:14.363 [info] <0.42.0> Application jsx started on node nonode@nohost
2019-12-05 08:36:14.368 [info] <0.42.0> Application ranch started on node nonode@nohost
2019-12-05 08:36:14.369 [info] <0.42.0> Application recon started on node nonode@nohost
2019-12-05 08:36:14.369 [info] <0.42.0> Application rabbit_common started on node nonode@nohost
2019-12-05 08:36:14.379 [info] <0.42.0> Application amqp_client started on node nonode@nohost
2019-12-05 08:36:14.379 [info] <0.42.0> Application amqp started on node nonode@nohost
2019-12-05 08:36:14.587 [info] <0.42.0> Application gen_amqp started on node nonode@nohost
2019-12-05 08:36:14.602 [info] <0.42.0> Application micro_utils started on node nonode@nohost
2019-12-05 08:36:14.614 [info] <0.42.0> Application ex_unit started on node nonode@nohost
2019-12-05 08:36:34.643 [info] <0.42.0> Application lager started on node nonode@nohost
2019-12-05 08:36:34.649 [info] <0.42.0> Application xmerl started on node nonode@nohost
2019-12-05 08:36:34.651 [info] <0.42.0> Application jsx started on node nonode@nohost
2019-12-05 08:36:34.655 [info] <0.42.0> Application ranch started on node nonode@nohost
2019-12-05 08:36:34.656 [info] <0.42.0> Application recon started on node nonode@nohost
2019-12-05 08:36:34.656 [info] <0.42.0> Application rabbit_common started on node nonode@nohost
2019-12-05 08:36:34.669 [info] <0.42.0> Application amqp_client started on node nonode@nohost
2019-12-05 08:36:34.669 [info] <0.42.0> Application amqp started on node nonode@nohost
2019-12-05 08:36:34.819 [info] <0.42.0> Application gen_amqp started on node nonode@nohost
2019-12-05 08:36:34.831 [info] <0.42.0> Application micro_utils started on node nonode@nohost
2019-12-05 08:36:34.840 [info] <0.42.0> Application ex_unit started on node nonode@nohost
2019-12-05 08:37:14.861 [info] <0.42.0> Application lager started on node nonode@nohost
2019-12-05 08:37:14.866 [info] <0.42.0> Application xmerl started on node nonode@nohost
2019-12-05 08:37:14.867 [info] <0.42.0> Application jsx started on node nonode@nohost
2019-12-05 08:37:14.871 [info] <0.42.0> Application ranch started on node nonode@nohost
2019-12-05 08:37:14.875 [info] <0.42.0> Application recon started on node nonode@nohost
2019-12-05 08:37:14.875 [info] <0.42.0> Application rabbit_common started on node nonode@nohost
2019-12-05 08:37:14.884 [info] <0.42.0> Application amqp_client started on node nonode@nohost
2019-12-05 08:37:14.885 [info] <0.42.0> Application amqp started on node nonode@nohost
2019-12-05 08:37:15.067 [info] <0.42.0> Application gen_amqp started on node nonode@nohost
2019-12-05 08:37:15.079 [info] <0.42.0> Application micro_utils started on node nonode@nohost
2019-12-05 08:37:15.089 [info] <0.42.0> Application ex_unit started on node nonode@nohost
2019-12-05 08:37:29.742 [info] <0.42.0> Application lager started on node nonode@nohost
2019-12-05 08:37:29.746 [info] <0.42.0> Application xmerl started on node nonode@nohost
2019-12-05 08:37:29.749 [info] <0.42.0> Application jsx started on node nonode@nohost
2019-12-05 08:37:29.753 [info] <0.42.0> Application ranch started on node nonode@nohost
2019-12-05 08:37:29.754 [info] <0.42.0> Application recon started on node nonode@nohost
2019-12-05 08:37:29.754 [info] <0.42.0> Application rabbit_common started on node nonode@nohost
2019-12-05 08:37:29.763 [info] <0.42.0> Application amqp_client started on node nonode@nohost
2019-12-05 08:37:29.763 [info] <0.42.0> Application amqp started on node nonode@nohost
2019-12-05 08:37:30.676 [info] <0.42.0> Application gen_amqp started on node nonode@nohost
2019-12-05 08:37:30.691 [info] <0.42.0> Application micro_utils started on node nonode@nohost
2019-12-05 08:37:30.703 [info] <0.42.0> Application ex_unit started on node nonode@nohost
2019-12-05 08:46:51.130 [info] <0.42.0> Application lager started on node nonode@nohost
2019-12-05 08:46:51.134 [info] <0.42.0> Application xmerl started on node nonode@nohost
2019-12-05 08:46:51.135 [info] <0.42.0> Application jsx started on node nonode@nohost
2019-12-05 08:46:51.138 [info] <0.42.0> Application ranch started on node nonode@nohost
2019-12-05 08:46:51.138 [info] <0.42.0> Application recon started on node nonode@nohost
2019-12-05 08:46:51.138 [info] <0.42.0> Application rabbit_common started on node nonode@nohost
2019-12-05 08:46:51.144 [info] <0.42.0> Application amqp_client started on node nonode@nohost
2019-12-05 08:46:51.144 [info] <0.42.0> Application amqp started on node nonode@nohost
2019-12-05 08:46:51.268 [info] <0.42.0> Application gen_amqp started on node nonode@nohost
2019-12-05 08:46:51.279 [info] <0.42.0> Application micro_utils started on node nonode@nohost
2019-12-05 08:46:51.288 [info] <0.42.0> Application ex_unit started on node nonode@nohost
2019-12-05 08:47:56.510 [info] <0.42.0> Application lager started on node nonode@nohost
2019-12-05 08:47:56.514 [info] <0.42.0> Application xmerl started on node nonode@nohost
2019-12-05 08:47:56.515 [info] <0.42.0> Application jsx started on node nonode@nohost
2019-12-05 08:47:56.518 [info] <0.42.0> Application ranch started on node nonode@nohost
2019-12-05 08:47:56.519 [info] <0.42.0> Application recon started on node nonode@nohost
2019-12-05 08:47:56.519 [info] <0.42.0> Application rabbit_common started on node nonode@nohost
2019-12-05 08:47:56.525 [info] <0.42.0> Application amqp_client started on node nonode@nohost
2019-12-05 08:47:56.525 [info] <0.42.0> Application amqp started on node nonode@nohost
2019-12-05 08:47:56.652 [info] <0.42.0> Application gen_amqp started on node nonode@nohost
2019-12-05 08:47:56.663 [info] <0.42.0> Application micro_utils started on node nonode@nohost
2019-12-05 08:47:56.673 [info] <0.42.0> Application ex_unit started on node nonode@nohost
2019-12-05 08:48:18.670 [info] <0.42.0> Application lager started on node nonode@nohost
2019-12-05 08:48:18.673 [info] <0.42.0> Application xmerl started on node nonode@nohost
2019-12-05 08:48:18.674 [info] <0.42.0> Application jsx started on node nonode@nohost
2019-12-05 08:48:18.676 [info] <0.42.0> Application ranch started on node nonode@nohost
2019-12-05 08:48:18.677 [info] <0.42.0> Application recon started on node nonode@nohost
2019-12-05 08:48:18.677 [info] <0.42.0> Application rabbit_common started on node nonode@nohost
2019-12-05 08:48:18.682 [info] <0.42.0> Application amqp_client started on node nonode@nohost
2019-12-05 08:48:18.682 [info] <0.42.0> Application amqp started on node nonode@nohost
2019-12-05 08:48:18.809 [info] <0.42.0> Application gen_amqp started on node nonode@nohost
2019-12-05 08:48:18.821 [info] <0.42.0> Application micro_utils started on node nonode@nohost
2019-12-05 08:48:18.830 [info] <0.42.0> Application ex_unit started on node nonode@nohost
2019-12-05 08:49:08.395 [info] <0.42.0> Application lager started on node nonode@nohost
2019-12-05 08:49:08.398 [info] <0.42.0> Application xmerl started on node nonode@nohost
2019-12-05 08:49:08.399 [info] <0.42.0> Application jsx started on node nonode@nohost
2019-12-05 08:49:08.402 [info] <0.42.0> Application ranch started on node nonode@nohost
2019-12-05 08:49:08.403 [info] <0.42.0> Application recon started on node nonode@nohost
2019-12-05 08:49:08.403 [info] <0.42.0> Application rabbit_common started on node nonode@nohost
2019-12-05 08:49:08.408 [info] <0.42.0> Application amqp_client started on node nonode@nohost
2019-12-05 08:49:08.408 [info] <0.42.0> Application amqp started on node nonode@nohost
2019-12-05 08:49:08.620 [info] <0.42.0> Application gen_amqp started on node nonode@nohost
2019-12-05 08:49:08.641 [info] <0.42.0> Application micro_utils started on node nonode@nohost
2019-12-05 08:49:08.676 [info] <0.42.0> Application ex_unit started on node nonode@nohost
2019-12-05 08:52:17.969 [info] <0.42.0> Application lager started on node nonode@nohost
2019-12-05 08:52:17.973 [info] <0.42.0> Application xmerl started on node nonode@nohost
2019-12-05 08:52:17.974 [info] <0.42.0> Application jsx started on node nonode@nohost
2019-12-05 08:52:17.977 [info] <0.42.0> Application ranch started on node nonode@nohost
2019-12-05 08:52:17.978 [info] <0.42.0> Application recon started on node nonode@nohost
2019-12-05 08:52:17.978 [info] <0.42.0> Application rabbit_common started on node nonode@nohost
2019-12-05 08:52:17.984 [info] <0.42.0> Application amqp_client started on node nonode@nohost
2019-12-05 08:52:17.984 [info] <0.42.0> Application amqp started on node nonode@nohost
2019-12-05 08:52:18.142 [info] <0.42.0> Application gen_amqp started on node nonode@nohost
2019-12-05 08:52:18.153 [info] <0.42.0> Application micro_utils started on node nonode@nohost
2019-12-05 08:52:18.161 [info] <0.42.0> Application ex_unit started on node nonode@nohost
2019-12-05 09:45:25.284 [info] <0.42.0> Application lager started on node nonode@nohost
2019-12-05 09:45:25.287 [info] <0.42.0> Application xmerl started on node nonode@nohost
2019-12-05 09:45:25.289 [info] <0.42.0> Application jsx started on node nonode@nohost
2019-12-05 09:45:25.294 [info] <0.42.0> Application ranch started on node nonode@nohost
2019-12-05 09:45:25.294 [info] <0.42.0> Application recon started on node nonode@nohost
2019-12-05 09:45:25.294 [info] <0.42.0> Application rabbit_common started on node nonode@nohost
2019-12-05 09:45:25.301 [info] <0.42.0> Application amqp_client started on node nonode@nohost
2019-12-05 09:45:25.301 [info] <0.42.0> Application amqp started on node nonode@nohost
2019-12-05 09:45:25.481 [info] <0.42.0> Application gen_amqp started on node nonode@nohost
2019-12-05 09:45:25.486 [info] <0.42.0> Application micro_utils started on node nonode@nohost
2019-12-05 09:45:25.497 [info] <0.42.0> Application ex_unit started on node nonode@nohost
2019-12-05 13:42:37.877 [info] <0.42.0> Application lager started on node nonode@nohost
2019-12-05 13:42:37.881 [info] <0.42.0> Application xmerl started on node nonode@nohost
2019-12-05 13:42:37.882 [info] <0.42.0> Application jsx started on node nonode@nohost
2019-12-05 13:42:37.885 [info] <0.42.0> Application ranch started on node nonode@nohost
2019-12-05 13:42:37.886 [info] <0.42.0> Application recon started on node nonode@nohost
2019-12-05 13:42:37.886 [info] <0.42.0> Application rabbit_common started on node nonode@nohost
2019-12-05 13:42:37.893 [info] <0.42.0> Application amqp_client started on node nonode@nohost
2019-12-05 13:42:37.893 [info] <0.42.0> Application amqp started on node nonode@nohost
2019-12-05 13:42:38.177 [info] <0.42.0> Application gen_amqp started on node nonode@nohost
2019-12-05 13:42:38.190 [info] <0.42.0> Application micro_utils started on node nonode@nohost
2019-12-05 13:42:38.202 [info] <0.42.0> Application ex_unit started on node nonode@nohost
